[logs/Android_Samsung S10 INFO ] 2021-12-22 10:35:08.715 BaseTest:210 - log path: logs/Android_Samsung S10
[logs/Android_Samsung S10 INFO ] 2021-12-22 10:35:08.729 BaseTest:217 - load config.properties
[logs/Android_Samsung S10 INFO ] 2021-12-22 10:35:08.735 BaseTest:222 - load strings/strings.xml
[logs/Android_Samsung S10 INFO ] 2021-12-22 10:35:08.742 BaseTest:246 - appUrl is/Users/maher/Desktop/AppiumTest/src/test/resources/app/AccorAll_9_54_21121005.apk
[logs/Android_Samsung S10 INFO ] 2021-12-22 10:35:19.584 BaseTest:268 - driver initialized: io.appium.java_client.android.AndroidDriver, Capabilities: {app=/Users/maher/Desktop/AppiumTest/src/test/resources/app/AccorAll_9_54_21121005.apk, appActivity=com.accor.app.debug.DebugActivity, appPackage=com.accor.appli.hybrid.inhouse, automationName=UiAutomator2, chromeDriverPort=11001, databaseEnabled=false, desired={platformName=android, chromeDriverPort=11001, app=/Users/maher/Desktop/AppiumTest/src/test/resources/app/AccorAll_9_54_21121005.apk, appActivity=com.accor.app.debug.DebugActivity, appPackage=com.accor.appli.hybrid.inhouse, automationName=UiAutomator2, deviceName=Samsung S10, systemPort=10000, udid=R58M21E51VW}, deviceApiLevel=28, deviceManufacturer=samsung, deviceModel=SM-G975F, deviceName=R58M21E51VW, deviceScreenDensity=420, deviceScreenSize=1080x2280, deviceUDID=R58M21E51VW, javascriptEnabled=true, locationContextEnabled=false, networkConnectionEnabled=true, pixelRatio=2.625, platform=LINUX, platformName=Android, platformVersion=9, statBarHeight=110, systemPort=10000, takesScreenshot=true, udid=R58M21E51VW, viewportRect={left=0, top=110, width=1080, height=1937}, warnings={}, webStorageEnabled=false}
[logs/Android_Samsung S10 ERROR] 2021-12-22 10:36:48.606 TestListener:32 - org.openqa.selenium.TimeoutException: Expected condition failed: waiting for presence of element located by: By.id: com.accor.appli.hybrid.inhouse:id/autoCompleteTextView (tried for 15 second(s) with 500 milliseconds interval)
	at org.openqa.selenium.support.ui.WebDriverWait.timeoutException(WebDriverWait.java:95)
	at org.openqa.selenium.support.ui.FluentWait.until(FluentWait.java:272)
	at com.qa.BasePage.waitAndClick(BasePage.java:35)
	at com.qa.pages.PagePayement.Payement(PagePayement.java:32)
	at com.qa.tests.Search.inApp(Search.java:37)
	at java.base/jdk.internal.reflect.NativeMethodAccessorImpl.invoke0(Native Method)
	at java.base/jdk.internal.reflect.NativeMethodAccessorImpl.invoke(NativeMethodAccessorImpl.java:77)
	at java.base/jdk.internal.reflect.DelegatingMethodAccessorImpl.invoke(DelegatingMethodAccessorImpl.java:43)
	at java.base/java.lang.reflect.Method.invoke(Method.java:568)
	at org.testng.internal.MethodInvocationHelper.invokeMethod(MethodInvocationHelper.java:133)
	at org.testng.internal.TestInvoker.invokeMethod(TestInvoker.java:598)
	at org.testng.internal.TestInvoker.invokeTestMethod(TestInvoker.java:173)
	at org.testng.internal.MethodRunner.runInSequence(MethodRunner.java:46)
	at org.testng.internal.TestInvoker$MethodInvocationAgent.invoke(TestInvoker.java:824)
	at org.testng.internal.TestInvoker.invokeTestMethods(TestInvoker.java:146)
	at org.testng.internal.TestMethodWorker.invokeTestMethods(TestMethodWorker.java:146)
	at org.testng.internal.TestMethodWorker.run(TestMethodWorker.java:128)
	at java.base/java.util.ArrayList.forEach(ArrayList.java:1511)
	at org.testng.TestRunner.privateRun(TestRunner.java:794)
	at org.testng.TestRunner.run(TestRunner.java:596)
	at org.testng.SuiteRunner.runTest(SuiteRunner.java:377)
	at org.testng.SuiteRunner.access$000(SuiteRunner.java:28)
	at org.testng.SuiteRunner$SuiteWorker.run(SuiteRunner.java:418)
	at org.testng.internal.thread.ThreadUtil.lambda$execute$0(ThreadUtil.java:64)
	at java.base/java.util.concurrent.FutureTask.run(FutureTask.java:264)
	at java.base/java.util.concurrent.ThreadPoolExecutor.runWorker(ThreadPoolExecutor.java:1136)
	at java.base/java.util.concurrent.ThreadPoolExecutor$Worker.run(ThreadPoolExecutor.java:635)
	at java.base/java.lang.Thread.run(Thread.java:833)
Caused by: org.openqa.selenium.NoSuchElementException: An element could not be located on the page using the given search parameters.
For documentation on this error, please visit: https://www.seleniumhq.org/exceptions/no_such_element.html
Build info: version: '3.141.59', revision: 'e82be7d358', time: '2018-11-14T08:17:03'
System info: host: 'MBP-de-maher', ip: '2001:861:4680:c360:45d9:6b7:f043:ebb7%en0', os.name: 'Mac OS X', os.arch: 'x86_64', os.version: '12.0.1', java.version: '17.0.1'
Driver info: io.appium.java_client.android.AndroidDriver
Capabilities {app: /Users/maher/Desktop/Appium..., appActivity: com.accor.app.debug.DebugAc..., appPackage: com.accor.appli.hybrid.inhouse, automationName: UiAutomator2, chromeDriverPort: 11001, databaseEnabled: false, desired: {app: /Users/maher/Desktop/Appium..., appActivity: com.accor.app.debug.DebugAc..., appPackage: com.accor.appli.hybrid.inhouse, automationName: UiAutomator2, chromeDriverPort: 11001, deviceName: Samsung S10, platformName: android, systemPort: 10000, udid: R58M21E51VW}, deviceApiLevel: 28, deviceManufacturer: samsung, deviceModel: SM-G975F, deviceName: R58M21E51VW, deviceScreenDensity: 420, deviceScreenSize: 1080x2280, deviceUDID: R58M21E51VW, javascriptEnabled: true, locationContextEnabled: false, networkConnectionEnabled: true, pixelRatio: 2.625, platform: LINUX, platformName: Android, platformVersion: 9, statBarHeight: 110, systemPort: 10000, takesScreenshot: true, udid: R58M21E51VW, viewportRect: {height: 1937, left: 0, top: 110, width: 1080}, warnings: {}, webStorageEnabled: false}
Session ID: fdc0f9f9-7f27-4e44-ac86-e627853f7f5d
*** Element info: {Using=id, value=com.accor.appli.hybrid.inhouse:id/autoCompleteTextView}
	at jdk.internal.reflect.GeneratedConstructorAccessor21.newInstance(Unknown Source)
	at java.base/jdk.internal.reflect.DelegatingConstructorAccessorImpl.newInstance(DelegatingConstructorAccessorImpl.java:45)
	at java.base/java.lang.reflect.Constructor.newInstanceWithCaller(Constructor.java:499)
	at java.base/java.lang.reflect.Constructor.newInstance(Constructor.java:480)
	at org.openqa.selenium.remote.http.W3CHttpResponseCodec.createException(W3CHttpResponseCodec.java:187)
	at org.openqa.selenium.remote.http.W3CHttpResponseCodec.decode(W3CHttpResponseCodec.java:122)
	at org.openqa.selenium.remote.http.W3CHttpResponseCodec.decode(W3CHttpResponseCodec.java:49)
	at org.openqa.selenium.remote.HttpCommandExecutor.execute(HttpCommandExecutor.java:158)
	at io.appium.java_client.remote.AppiumCommandExecutor.execute(AppiumCommandExecutor.java:250)
	at org.openqa.selenium.remote.RemoteWebDriver.execute(RemoteWebDriver.java:552)
	at io.appium.java_client.DefaultGenericMobileDriver.execute(DefaultGenericMobileDriver.java:41)
	at io.appium.java_client.AppiumDriver.execute(AppiumDriver.java:1)
	at io.appium.java_client.android.AndroidDriver.execute(AndroidDriver.java:1)
	at org.openqa.selenium.remote.RemoteWebDriver.findElement(RemoteWebDriver.java:323)
	at io.appium.java_client.DefaultGenericMobileDriver.findElement(DefaultGenericMobileDriver.java:61)
	at io.appium.java_client.AppiumDriver.findElement(AppiumDriver.java:1)
	at io.appium.java_client.android.AndroidDriver.findElement(AndroidDriver.java:1)
	at org.openqa.selenium.remote.RemoteWebDriver.findElementById(RemoteWebDriver.java:372)
	at io.appium.java_client.DefaultGenericMobileDriver.findElementById(DefaultGenericMobileDriver.java:69)
	at io.appium.java_client.AppiumDriver.findElementById(AppiumDriver.java:1)
	at io.appium.java_client.android.AndroidDriver.findElementById(AndroidDriver.java:1)
	at org.openqa.selenium.By$ById.findElement(By.java:188)
	at org.openqa.selenium.remote.RemoteWebDriver.findElement(RemoteWebDriver.java:315)
	at io.appium.java_client.DefaultGenericMobileDriver.findElement(DefaultGenericMobileDriver.java:57)
	at io.appium.java_client.AppiumDriver.findElement(AppiumDriver.java:1)
	at io.appium.java_client.android.AndroidDriver.findElement(AndroidDriver.java:1)
	at org.openqa.selenium.support.ui.ExpectedConditions$6.apply(ExpectedConditions.java:182)
	at org.openqa.selenium.support.ui.ExpectedConditions$6.apply(ExpectedConditions.java:179)
	at org.openqa.selenium.support.ui.FluentWait.until(FluentWait.java:249)
	... 26 more

[logs/Android_Samsung S10 INFO ] 2021-12-22 10:37:06.250 BaseTest:121 - video path: videos/Android_Samsung S10/2021-12-22-10-35-08/Search/inApp.mp4
[logs/Android_Samsung S10 INFO ] 2021-12-22 10:45:33.332 BaseTest:210 - log path: logs/Android_Samsung S10
[logs/Android_Samsung S10 INFO ] 2021-12-22 10:45:33.339 BaseTest:217 - load config.properties
[logs/Android_Samsung S10 INFO ] 2021-12-22 10:45:33.346 BaseTest:222 - load strings/strings.xml
[logs/Android_Samsung S10 INFO ] 2021-12-22 10:45:33.361 BaseTest:246 - appUrl is/Users/maher/Desktop/AppiumTest/src/test/resources/app/AccorAll_9_54_21121005.apk
[logs/Android_Samsung S10 INFO ] 2021-12-22 10:45:43.632 BaseTest:268 - driver initialized: io.appium.java_client.android.AndroidDriver, Capabilities: {app=/Users/maher/Desktop/AppiumTest/src/test/resources/app/AccorAll_9_54_21121005.apk, appActivity=com.accor.app.debug.DebugActivity, appPackage=com.accor.appli.hybrid.inhouse, automationName=UiAutomator2, chromeDriverPort=11000, databaseEnabled=false, desired={platformName=android, chromeDriverPort=11000, app=/Users/maher/Desktop/AppiumTest/src/test/resources/app/AccorAll_9_54_21121005.apk, appActivity=com.accor.app.debug.DebugActivity, appPackage=com.accor.appli.hybrid.inhouse, automationName=UiAutomator2, deviceName=Samsung S10, systemPort=10001, udid=R58M21E51VW}, deviceApiLevel=28, deviceManufacturer=samsung, deviceModel=SM-G975F, deviceName=R58M21E51VW, deviceScreenDensity=420, deviceScreenSize=1080x2280, deviceUDID=R58M21E51VW, javascriptEnabled=true, locationContextEnabled=false, networkConnectionEnabled=true, pixelRatio=2.625, platform=LINUX, platformName=Android, platformVersion=9, statBarHeight=110, systemPort=10001, takesScreenshot=true, udid=R58M21E51VW, viewportRect={left=0, top=110, width=1080, height=1937}, warnings={}, webStorageEnabled=false}
[logs/Android_Samsung S10 ERROR] 2021-12-22 10:46:12.378 TestListener:32 - org.openqa.selenium.TimeoutException: Expected condition failed: waiting for presence of element located by: By.id: com.accor.appli.hybrid.inhouse:id/itemCarouselImageView (tried for 15 second(s) with 500 milliseconds interval)
	at org.openqa.selenium.support.ui.WebDriverWait.timeoutException(WebDriverWait.java:95)
	at org.openqa.selenium.support.ui.FluentWait.until(FluentWait.java:272)
	at com.qa.BasePage.waitAndClick(BasePage.java:35)
	at com.qa.pages.PageHome.chooseHotel(PageHome.java:35)
	at com.qa.tests.Search.inApp(Search.java:35)
	at java.base/jdk.internal.reflect.NativeMethodAccessorImpl.invoke0(Native Method)
	at java.base/jdk.internal.reflect.NativeMethodAccessorImpl.invoke(NativeMethodAccessorImpl.java:77)
	at java.base/jdk.internal.reflect.DelegatingMethodAccessorImpl.invoke(DelegatingMethodAccessorImpl.java:43)
	at java.base/java.lang.reflect.Method.invoke(Method.java:568)
	at org.testng.internal.MethodInvocationHelper.invokeMethod(MethodInvocationHelper.java:133)
	at org.testng.internal.TestInvoker.invokeMethod(TestInvoker.java:598)
	at org.testng.internal.TestInvoker.invokeTestMethod(TestInvoker.java:173)
	at org.testng.internal.MethodRunner.runInSequence(MethodRunner.java:46)
	at org.testng.internal.TestInvoker$MethodInvocationAgent.invoke(TestInvoker.java:824)
	at org.testng.internal.TestInvoker.invokeTestMethods(TestInvoker.java:146)
	at org.testng.internal.TestMethodWorker.invokeTestMethods(TestMethodWorker.java:146)
	at org.testng.internal.TestMethodWorker.run(TestMethodWorker.java:128)
	at java.base/java.util.ArrayList.forEach(ArrayList.java:1511)
	at org.testng.TestRunner.privateRun(TestRunner.java:794)
	at org.testng.TestRunner.run(TestRunner.java:596)
	at org.testng.SuiteRunner.runTest(SuiteRunner.java:377)
	at org.testng.SuiteRunner.access$000(SuiteRunner.java:28)
	at org.testng.SuiteRunner$SuiteWorker.run(SuiteRunner.java:418)
	at org.testng.internal.thread.ThreadUtil.lambda$execute$0(ThreadUtil.java:64)
	at java.base/java.util.concurrent.FutureTask.run(FutureTask.java:264)
	at java.base/java.util.concurrent.ThreadPoolExecutor.runWorker(ThreadPoolExecutor.java:1136)
	at java.base/java.util.concurrent.ThreadPoolExecutor$Worker.run(ThreadPoolExecutor.java:635)
	at java.base/java.lang.Thread.run(Thread.java:833)
Caused by: org.openqa.selenium.NoSuchElementException: An element could not be located on the page using the given search parameters.
For documentation on this error, please visit: https://www.seleniumhq.org/exceptions/no_such_element.html
Build info: version: '3.141.59', revision: 'e82be7d358', time: '2018-11-14T08:17:03'
System info: host: 'MBP-de-maher', ip: '2001:861:4680:c360:45d9:6b7:f043:ebb7%en0', os.name: 'Mac OS X', os.arch: 'x86_64', os.version: '12.0.1', java.version: '17.0.1'
Driver info: io.appium.java_client.android.AndroidDriver
Capabilities {app: /Users/maher/Desktop/Appium..., appActivity: com.accor.app.debug.DebugAc..., appPackage: com.accor.appli.hybrid.inhouse, automationName: UiAutomator2, chromeDriverPort: 11000, databaseEnabled: false, desired: {app: /Users/maher/Desktop/Appium..., appActivity: com.accor.app.debug.DebugAc..., appPackage: com.accor.appli.hybrid.inhouse, automationName: UiAutomator2, chromeDriverPort: 11000, deviceName: Samsung S10, platformName: android, systemPort: 10001, udid: R58M21E51VW}, deviceApiLevel: 28, deviceManufacturer: samsung, deviceModel: SM-G975F, deviceName: R58M21E51VW, deviceScreenDensity: 420, deviceScreenSize: 1080x2280, deviceUDID: R58M21E51VW, javascriptEnabled: true, locationContextEnabled: false, networkConnectionEnabled: true, pixelRatio: 2.625, platform: LINUX, platformName: Android, platformVersion: 9, statBarHeight: 110, systemPort: 10001, takesScreenshot: true, udid: R58M21E51VW, viewportRect: {height: 1937, left: 0, top: 110, width: 1080}, warnings: {}, webStorageEnabled: false}
Session ID: 1314cc9e-e950-42f0-af38-b0bff7a70187
*** Element info: {Using=id, value=com.accor.appli.hybrid.inhouse:id/itemCarouselImageView}
	at jdk.internal.reflect.GeneratedConstructorAccessor22.newInstance(Unknown Source)
	at java.base/jdk.internal.reflect.DelegatingConstructorAccessorImpl.newInstance(DelegatingConstructorAccessorImpl.java:45)
	at java.base/java.lang.reflect.Constructor.newInstanceWithCaller(Constructor.java:499)
	at java.base/java.lang.reflect.Constructor.newInstance(Constructor.java:480)
	at org.openqa.selenium.remote.http.W3CHttpResponseCodec.createException(W3CHttpResponseCodec.java:187)
	at org.openqa.selenium.remote.http.W3CHttpResponseCodec.decode(W3CHttpResponseCodec.java:122)
	at org.openqa.selenium.remote.http.W3CHttpResponseCodec.decode(W3CHttpResponseCodec.java:49)
	at org.openqa.selenium.remote.HttpCommandExecutor.execute(HttpCommandExecutor.java:158)
	at io.appium.java_client.remote.AppiumCommandExecutor.execute(AppiumCommandExecutor.java:250)
	at org.openqa.selenium.remote.RemoteWebDriver.execute(RemoteWebDriver.java:552)
	at io.appium.java_client.DefaultGenericMobileDriver.execute(DefaultGenericMobileDriver.java:41)
	at io.appium.java_client.AppiumDriver.execute(AppiumDriver.java:1)
	at io.appium.java_client.android.AndroidDriver.execute(AndroidDriver.java:1)
	at org.openqa.selenium.remote.RemoteWebDriver.findElement(RemoteWebDriver.java:323)
	at io.appium.java_client.DefaultGenericMobileDriver.findElement(DefaultGenericMobileDriver.java:61)
	at io.appium.java_client.AppiumDriver.findElement(AppiumDriver.java:1)
	at io.appium.java_client.android.AndroidDriver.findElement(AndroidDriver.java:1)
	at org.openqa.selenium.remote.RemoteWebDriver.findElementById(RemoteWebDriver.java:372)
	at io.appium.java_client.DefaultGenericMobileDriver.findElementById(DefaultGenericMobileDriver.java:69)
	at io.appium.java_client.AppiumDriver.findElementById(AppiumDriver.java:1)
	at io.appium.java_client.android.AndroidDriver.findElementById(AndroidDriver.java:1)
	at org.openqa.selenium.By$ById.findElement(By.java:188)
	at org.openqa.selenium.remote.RemoteWebDriver.findElement(RemoteWebDriver.java:315)
	at io.appium.java_client.DefaultGenericMobileDriver.findElement(DefaultGenericMobileDriver.java:57)
	at io.appium.java_client.AppiumDriver.findElement(AppiumDriver.java:1)
	at io.appium.java_client.android.AndroidDriver.findElement(AndroidDriver.java:1)
	at org.openqa.selenium.support.ui.ExpectedConditions$6.apply(ExpectedConditions.java:182)
	at org.openqa.selenium.support.ui.ExpectedConditions$6.apply(ExpectedConditions.java:179)
	at org.openqa.selenium.support.ui.FluentWait.until(FluentWait.java:249)
	... 26 more

[logs/Android_Samsung S10 INFO ] 2021-12-22 10:46:16.742 BaseTest:121 - video path: videos/Android_Samsung S10/2021-12-22-10-45-33/Search/inApp.mp4
[logs/Android_Samsung S10 INFO ] 2021-12-22 10:46:46.589 BaseTest:210 - log path: logs/Android_Samsung S10
[logs/Android_Samsung S10 INFO ] 2021-12-22 10:46:46.607 BaseTest:217 - load config.properties
[logs/Android_Samsung S10 INFO ] 2021-12-22 10:46:46.640 BaseTest:222 - load strings/strings.xml
[logs/Android_Samsung S10 INFO ] 2021-12-22 10:46:46.668 BaseTest:246 - appUrl is/Users/maher/Desktop/AppiumTest/src/test/resources/app/AccorAll_9_54_21121005.apk
[logs/Android_Samsung S10 INFO ] 2021-12-22 10:46:54.792 BaseTest:268 - driver initialized: io.appium.java_client.android.AndroidDriver, Capabilities: {app=/Users/maher/Desktop/AppiumTest/src/test/resources/app/AccorAll_9_54_21121005.apk, appActivity=com.accor.app.debug.DebugActivity, appPackage=com.accor.appli.hybrid.inhouse, automationName=UiAutomator2, chromeDriverPort=11000, databaseEnabled=false, desired={platformName=android, chromeDriverPort=11000, app=/Users/maher/Desktop/AppiumTest/src/test/resources/app/AccorAll_9_54_21121005.apk, appActivity=com.accor.app.debug.DebugActivity, appPackage=com.accor.appli.hybrid.inhouse, automationName=UiAutomator2, deviceName=Samsung S10, systemPort=10001, udid=R58M21E51VW}, deviceApiLevel=28, deviceManufacturer=samsung, deviceModel=SM-G975F, deviceName=R58M21E51VW, deviceScreenDensity=420, deviceScreenSize=1080x2280, deviceUDID=R58M21E51VW, javascriptEnabled=true, locationContextEnabled=false, networkConnectionEnabled=true, pixelRatio=2.625, platform=LINUX, platformName=Android, platformVersion=9, statBarHeight=110, systemPort=10001, takesScreenshot=true, udid=R58M21E51VW, viewportRect={left=0, top=110, width=1080, height=1937}, warnings={}, webStorageEnabled=false}
[logs/Android_Samsung S10 INFO ] 2021-12-22 10:48:31.030 BaseTest:121 - video path: videos/Android_Samsung S10/2021-12-22-10-46-46/Search/inApp.mp4
[logs/Android_Samsung S10 INFO ] 2021-12-22 12:07:17.827 BaseTest:210 - log path: logs/Android_Samsung S10
[logs/Android_Samsung S10 INFO ] 2021-12-22 12:07:17.834 BaseTest:217 - load config.properties
[logs/Android_Samsung S10 INFO ] 2021-12-22 12:07:17.839 BaseTest:222 - load strings/strings.xml
[logs/Android_Samsung S10 INFO ] 2021-12-22 12:07:17.854 BaseTest:246 - appUrl is/Users/maher/Desktop/AppiumTest/src/test/resources/app/AccorAll_9_54_21121005.apk
[logs/Android_Samsung S10 INFO ] 2021-12-22 12:07:26.943 BaseTest:268 - driver initialized: io.appium.java_client.android.AndroidDriver, Capabilities: {app=/Users/maher/Desktop/AppiumTest/src/test/resources/app/AccorAll_9_54_21121005.apk, appActivity=com.accor.app.debug.DebugActivity, appPackage=com.accor.appli.hybrid.inhouse, automationName=UiAutomator2, chromeDriverPort=11001, databaseEnabled=false, desired={platformName=android, chromeDriverPort=11001, app=/Users/maher/Desktop/AppiumTest/src/test/resources/app/AccorAll_9_54_21121005.apk, appActivity=com.accor.app.debug.DebugActivity, appPackage=com.accor.appli.hybrid.inhouse, automationName=UiAutomator2, deviceName=Samsung S10, systemPort=10000, udid=R58M21E51VW}, deviceApiLevel=28, deviceManufacturer=samsung, deviceModel=SM-G975F, deviceName=R58M21E51VW, deviceScreenDensity=420, deviceScreenSize=1080x2280, deviceUDID=R58M21E51VW, javascriptEnabled=true, locationContextEnabled=false, networkConnectionEnabled=true, pixelRatio=2.625, platform=LINUX, platformName=Android, platformVersion=9, statBarHeight=110, systemPort=10000, takesScreenshot=true, udid=R58M21E51VW, viewportRect={left=0, top=110, width=1080, height=1937}, warnings={}, webStorageEnabled=false}
[logs/Android_Samsung S10 INFO ] 2021-12-22 12:09:03.427 BaseTest:121 - video path: videos/Android_Samsung S10/2021-12-22-12-07-17/Search/inApp.mp4
[logs/Android_Samsung S10 INFO ] 2021-12-22 12:19:54.766 BaseTest:210 - log path: logs/Android_Samsung S10
[logs/Android_Samsung S10 INFO ] 2021-12-22 12:19:54.773 BaseTest:217 - load config.properties
[logs/Android_Samsung S10 INFO ] 2021-12-22 12:19:54.776 BaseTest:222 - load strings/strings.xml
[logs/Android_Samsung S10 INFO ] 2021-12-22 12:19:54.787 BaseTest:246 - appUrl is/Users/maher/Desktop/AppiumTest/src/test/resources/app/AccorAll_9_54_21121005.apk
[logs/Android_Samsung S10 INFO ] 2021-12-22 12:20:03.299 BaseTest:268 - driver initialized: io.appium.java_client.android.AndroidDriver, Capabilities: {app=/Users/maher/Desktop/AppiumTest/src/test/resources/app/AccorAll_9_54_21121005.apk, appActivity=com.accor.app.debug.DebugActivity, appPackage=com.accor.appli.hybrid.inhouse, automationName=UiAutomator2, chromeDriverPort=11001, databaseEnabled=false, desired={platformName=android, chromeDriverPort=11001, app=/Users/maher/Desktop/AppiumTest/src/test/resources/app/AccorAll_9_54_21121005.apk, appActivity=com.accor.app.debug.DebugActivity, appPackage=com.accor.appli.hybrid.inhouse, automationName=UiAutomator2, deviceName=Samsung S10, systemPort=10000, udid=R58M21E51VW}, deviceApiLevel=28, deviceManufacturer=samsung, deviceModel=SM-G975F, deviceName=R58M21E51VW, deviceScreenDensity=420, deviceScreenSize=1080x2280, deviceUDID=R58M21E51VW, javascriptEnabled=true, locationContextEnabled=false, networkConnectionEnabled=true, pixelRatio=2.625, platform=LINUX, platformName=Android, platformVersion=9, statBarHeight=110, systemPort=10000, takesScreenshot=true, udid=R58M21E51VW, viewportRect={left=0, top=110, width=1080, height=1937}, warnings={}, webStorageEnabled=false}
[logs/Android_Samsung S10 INFO ] 2021-12-22 12:21:42.585 BaseTest:121 - video path: videos/Android_Samsung S10/2021-12-22-12-19-54/Search/inApp.mp4
